{"/Users/ashishthapa/workspace/todolist/ToDo/index.js": {"path":"/Users/ashishthapa/workspace/todolist/ToDo/index.js","statementMap":{"0":{"start":{"line":1,"column":16},"end":{"line":1,"column":34}},"1":{"start":{"line":2,"column":11},"end":{"line":2,"column":26}},"2":{"start":{"line":4,"column":12},"end":{"line":4,"column":21}},"3":{"start":{"line":7,"column":0},"end":{"line":7,"column":15}},"4":{"start":{"line":8,"column":0},"end":{"line":8,"column":23}},"5":{"start":{"line":9,"column":0},"end":{"line":9,"column":45}},"6":{"start":{"line":12,"column":23},"end":{"line":12,"column":63}},"7":{"start":{"line":14,"column":0},"end":{"line":14,"column":42}},"8":{"start":{"line":16,"column":0},"end":{"line":16,"column":54}},"9":{"start":{"line":18,"column":0},"end":{"line":18,"column":57}},"10":{"start":{"line":20,"column":13},"end":{"line":20,"column":17}},"11":{"start":{"line":21,"column":0},"end":{"line":21,"column":17}},"12":{"start":{"line":22,"column":0},"end":{"line":22,"column":46}},"13":{"start":{"line":23,"column":0},"end":{"line":23,"column":21}}},"fnMap":{},"branchMap":{},"s":{"0":1,"1":1,"2":1,"3":1,"4":1,"5":1,"6":1,"7":1,"8":1,"9":1,"10":1,"11":1,"12":1,"13":1},"f":{},"b":{},"_coverageSchema":"1a1c01bbd47fc00a2c39e90264f33305004495a9","hash":"dd04cd5ac9feb2103c68895deae96b92dd550c33"}
,"/Users/ashishthapa/workspace/todolist/ToDo/controllers/todo.controller.js": {"path":"/Users/ashishthapa/workspace/todolist/ToDo/controllers/todo.controller.js","statementMap":{"0":{"start":{"line":1,"column":11},"end":{"line":1,"column":24}},"1":{"start":{"line":2,"column":13},"end":{"line":2,"column":30}},"2":{"start":{"line":5,"column":0},"end":{"line":12,"column":1}},"3":{"start":{"line":6,"column":4},"end":{"line":11,"column":50}},"4":{"start":{"line":7,"column":8},"end":{"line":10,"column":10}},"5":{"start":{"line":8,"column":12},"end":{"line":8,"column":54}},"6":{"start":{"line":8,"column":25},"end":{"line":8,"column":44}},"7":{"start":{"line":8,"column":45},"end":{"line":8,"column":52}},"8":{"start":{"line":9,"column":12},"end":{"line":9,"column":50}},"9":{"start":{"line":11,"column":20},"end":{"line":11,"column":37}},"10":{"start":{"line":11,"column":38},"end":{"line":11,"column":48}},"11":{"start":{"line":14,"column":0},"end":{"line":32,"column":1}},"12":{"start":{"line":15,"column":13},"end":{"line":15,"column":34}},"13":{"start":{"line":16,"column":4},"end":{"line":31,"column":5}},"14":{"start":{"line":17,"column":8},"end":{"line":27,"column":10}},"15":{"start":{"line":18,"column":12},"end":{"line":18,"column":54}},"16":{"start":{"line":18,"column":25},"end":{"line":18,"column":44}},"17":{"start":{"line":18,"column":45},"end":{"line":18,"column":52}},"18":{"start":{"line":19,"column":30},"end":{"line":19,"column":57}},"19":{"start":{"line":20,"column":28},"end":{"line":20,"column":75}},"20":{"start":{"line":20,"column":59},"end":{"line":20,"column":73}},"21":{"start":{"line":21,"column":12},"end":{"line":21,"column":71}},"22":{"start":{"line":21,"column":33},"end":{"line":21,"column":61}},"23":{"start":{"line":21,"column":62},"end":{"line":21,"column":69}},"24":{"start":{"line":22,"column":12},"end":{"line":22,"column":46}},"25":{"start":{"line":23,"column":12},"end":{"line":26,"column":15}},"26":{"start":{"line":24,"column":16},"end":{"line":24,"column":96}},"27":{"start":{"line":24,"column":27},"end":{"line":24,"column":86}},"28":{"start":{"line":24,"column":87},"end":{"line":24,"column":94}},"29":{"start":{"line":25,"column":16},"end":{"line":25,"column":63}},"30":{"start":{"line":29,"column":8},"end":{"line":29,"column":25}},"31":{"start":{"line":30,"column":8},"end":{"line":30,"column":18}}},"fnMap":{"0":{"name":"(anonymous_0)","decl":{"start":{"line":5,"column":22},"end":{"line":5,"column":23}},"loc":{"start":{"line":5,"column":41},"end":{"line":12,"column":1}},"line":5},"1":{"name":"(anonymous_1)","decl":{"start":{"line":7,"column":26},"end":{"line":7,"column":27}},"loc":{"start":{"line":7,"column":43},"end":{"line":10,"column":9}},"line":7},"2":{"name":"(anonymous_2)","decl":{"start":{"line":14,"column":21},"end":{"line":14,"column":22}},"loc":{"start":{"line":14,"column":35},"end":{"line":32,"column":1}},"line":14},"3":{"name":"(anonymous_3)","decl":{"start":{"line":17,"column":26},"end":{"line":17,"column":27}},"loc":{"start":{"line":17,"column":43},"end":{"line":27,"column":9}},"line":17},"4":{"name":"(anonymous_4)","decl":{"start":{"line":20,"column":51},"end":{"line":20,"column":52}},"loc":{"start":{"line":20,"column":59},"end":{"line":20,"column":73}},"line":20},"5":{"name":"(anonymous_5)","decl":{"start":{"line":23,"column":69},"end":{"line":23,"column":70}},"loc":{"start":{"line":23,"column":78},"end":{"line":26,"column":13}},"line":23}},"branchMap":{"0":{"loc":{"start":{"line":8,"column":12},"end":{"line":8,"column":54}},"type":"if","locations":[{"start":{"line":8,"column":12},"end":{"line":8,"column":54}},{"start":{},"end":{}}],"line":8},"1":{"loc":{"start":{"line":18,"column":12},"end":{"line":18,"column":54}},"type":"if","locations":[{"start":{"line":18,"column":12},"end":{"line":18,"column":54}},{"start":{},"end":{}}],"line":18},"2":{"loc":{"start":{"line":21,"column":12},"end":{"line":21,"column":71}},"type":"if","locations":[{"start":{"line":21,"column":12},"end":{"line":21,"column":71}},{"start":{},"end":{}}],"line":21},"3":{"loc":{"start":{"line":24,"column":16},"end":{"line":24,"column":96}},"type":"if","locations":[{"start":{"line":24,"column":16},"end":{"line":24,"column":96}},{"start":{},"end":{}}],"line":24}},"s":{"0":1,"1":1,"2":1,"3":2,"4":2,"5":2,"6":0,"7":0,"8":2,"9":0,"10":0,"11":1,"12":0,"13":0,"14":0,"15":0,"16":0,"17":0,"18":0,"19":0,"20":0,"21":0,"22":0,"23":0,"24":0,"25":0,"26":0,"27":0,"28":0,"29":0,"30":0,"31":0},"f":{"0":2,"1":2,"2":0,"3":0,"4":0,"5":0},"b":{"0":[0,2],"1":[0,0],"2":[0,0],"3":[0,0]},"_coverageSchema":"1a1c01bbd47fc00a2c39e90264f33305004495a9","hash":"293fd3ac99960abb6ba12e9ef7d96e3e462537cd"}
}
